[35m[Appium][39m Welcome to Appium v1.22.3
[35m[Appium][39m Non-default server args:
[35m[Appium][39m   port: 57939
[35m[Appium][39m   loglevel: info
[35m[Appium][39m   tmpDir: C:\Users\ANAS\AppData\Local\Temp\\Katalon\Appium\Temp1671419719468
[35m[Appium][39m   chromedriverPort: 57940
[35m[Appium][39m Deprecated server args:
[35m[Appium][39m   [31m--chromedriver-port[39m => --default-capabilities
[35m[Appium][39m Default capabilities, which will be added to each request unless overridden by desired capabilities:
[35m[Appium][39m   chromedriverPort: 57940
[35m[Appium][39m Appium REST http interface listener started on 0.0.0.0:57939
[35m[HTTP][39m [37m-->[39m [37mGET[39m [37m/wd/hub/status[39m
[35m[HTTP][39m [90m{}[39m
[35m[HTTP][39m [37m<-- GET /wd/hub/status [39m[32m200[39m [90m5 ms - 68[39m
[35m[HTTP][39m [90m[39m
[35m[HTTP][39m [37m-->[39m [37mGET[39m [37m/wd/hub/status[39m
[35m[HTTP][39m [90m{}[39m
[35m[HTTP][39m [37m<-- GET /wd/hub/status [39m[32m200[39m [90m1 ms - 68[39m
[35m[HTTP][39m [90m[39m
[35m[HTTP][39m [37m-->[39m [37mPOST[39m [37m/wd/hub/session[39m
[35m[HTTP][39m [90m{"desiredCapabilities":{"appActivity":".Settings","appPackage":"com.android.settings","newCommandTimeout":1800,"platformVersion":"10","automationName":"uiautomator2","autoGrantPermissions":true,"platformName":"Android","udid":"432e068f0820","deviceName":"Xiaomi M2010J19SG (Android 10)","platform":"ANDROID","systemPort":8249},"capabilities":{"firstMatch":[{"appium:appActivity":".Settings","appium:appPackage":"com.android.settings","appium:autoGrantPermissions":true,"appium:automationName":"uiautomator2","appium:deviceName":"Xiaomi M2010J19SG (Android 10)","appium:newCommandTimeout":1800,"platform":"ANDROID","platformName":"android","appium:platformVersion":"10","appium:systemPort":8249,"appium:udid":"432e068f0820"}]}}[39m
[35m[BaseDriver][39m The following capabilities are not standard capabilities and should have an extension prefix:
[35m[BaseDriver][39m   platform
[35m[BaseDriver][39m   chromedriverPort
[35m[Appium][39m Appium v1.22.3 creating new AndroidUiautomator2Driver (v1.70.1) session
[35m[BaseDriver][39m The following capabilities were provided, but are not recognized by Appium:
[35m[BaseDriver][39m   platform
[35m[BaseDriver][39m Session created with session id: c3438089-a8f4-4a9c-9fb7-5af3631e86a3
[35m[UiAutomator2][39m Starting 'com.android.settings' directly on the device
[35m[ADB][39m Found 1 'build-tools' folders under 'C:\Users\ANAS\.katalon\tools\android_sdk' (newest first):
[35m[ADB][39m     C:/Users/ANAS/.katalon/tools/android_sdk/build-tools/29.0.3
[35m[ADB][39m Using 'adb.exe' from 'C:\Users\ANAS\.katalon\tools\android_sdk\platform-tools\adb.exe'
[35m[AndroidDriver][39m Retrieving device list
[35m[AndroidDriver][39m Using device: 432e068f0820
[35m[ADB][39m Using 'adb.exe' from 'C:\Users\ANAS\.katalon\tools\android_sdk\platform-tools\adb.exe'
[35m[ADB][39m Getting device platform version
[35m[UiAutomator2][39m Relaxing hidden api policy
[35m[AndroidDriver][39m No app sent in, not parsing package/activity
[35m[ADB][39m Using 'apksigner.jar' from 'C:\Users\ANAS\.katalon\tools\android_sdk\build-tools\29.0.3\lib\apksigner.jar'
[35m[ADB][39m 'C:\Users\ANAS\AppData\Roaming\npm\node_modules\appium\node_modules\appium-uiautomator2-server\apks\appium-uiautomator2-server-v4.27.0.apk' is signed with the default certificate
[35m[ADB][39m 'C:\Users\ANAS\AppData\Roaming\npm\node_modules\appium\node_modules\appium-uiautomator2-server\apks\appium-uiautomator2-server-debug-androidTest.apk' is signed with the default certificate
[35m[UiAutomator2][39m Server packages are not going to be (re)installed
[35m[ADB][39m Adding packages ["io.appium.settings","io.appium.uiautomator2.server","io.appium.uiautomator2.server.test"] to Doze whitelist
[35m[UiAutomator2][39m Starting UIAutomator2 server 4.27.0
[35m[UiAutomator2][39m Using UIAutomator2 server from 'C:\Users\ANAS\AppData\Roaming\npm\node_modules\appium\node_modules\appium-uiautomator2-server\apks\appium-uiautomator2-server-v4.27.0.apk' and test from 'C:\Users\ANAS\AppData\Roaming\npm\node_modules\appium\node_modules\appium-uiautomator2-server\apks\appium-uiautomator2-server-debug-androidTest.apk'
[35m[UiAutomator2][39m Waiting up to 30000ms for UiAutomator2 to be online...
[35m[WD Proxy][39m socket hang up
[35m[WD Proxy][39m socket hang up
[35m[WD Proxy][39m socket hang up
[35m[WD Proxy][39m socket hang up
[35m[WD Proxy][39m Determined the downstream protocol as 'W3C'
[35m[AndroidDriver][39m Screen already unlocked, doing nothing
[35m[UiAutomator2][39m Starting 'com.android.settings/.Settings and waiting for 'com.android.settings/.Settings'
[35m[Appium][39m New AndroidUiautomator2Driver session created successfully, session c3438089-a8f4-4a9c-9fb7-5af3631e86a3 added to master session list
[35m[HTTP][39m [37m<-- POST /wd/hub/session [39m[32m200[39m [90m11727 ms - 1163[39m
[35m[HTTP][39m [90m[39m
[35m[HTTP][39m [37m-->[39m [37mGET[39m [37m/wd/hub/session/c3438089-a8f4-4a9c-9fb7-5af3631e86a3[39m
[35m[HTTP][39m [90m{}[39m
[35m[HTTP][39m [37m<-- GET /wd/hub/session/c3438089-a8f4-4a9c-9fb7-5af3631e86a3 [39m[32m200[39m [90m18 ms - 1117[39m
[35m[HTTP][39m [90m[39m
[35m[HTTP][39m [37m-->[39m [37mGET[39m [37m/wd/hub/session/c3438089-a8f4-4a9c-9fb7-5af3631e86a3[39m
[35m[HTTP][39m [90m{}[39m
[35m[HTTP][39m [37m<-- GET /wd/hub/session/c3438089-a8f4-4a9c-9fb7-5af3631e86a3 [39m[32m200[39m [90m39 ms - 1117[39m
[35m[HTTP][39m [90m[39m
[35m[HTTP][39m [37m-->[39m [37mGET[39m [37m/wd/hub/status[39m
[35m[HTTP][39m [90m{}[39m
[35m[HTTP][39m [37m<-- GET /wd/hub/status [39m[32m200[39m [90m1 ms - 68[39m
[35m[HTTP][39m [90m[39m
[35m[HTTP][39m [37m-->[39m [37mPOST[39m [37m/wd/hub/session/c3438089-a8f4-4a9c-9fb7-5af3631e86a3/timeouts[39m
[35m[HTTP][39m [90m{"implicit":60000}[39m
[35m[HTTP][39m [37m<-- POST /wd/hub/session/c3438089-a8f4-4a9c-9fb7-5af3631e86a3/timeouts [39m[32m200[39m [90m4 ms - 14[39m
[35m[HTTP][39m [90m[39m
[35m[HTTP][39m [37m-->[39m [37mGET[39m [37m/wd/hub/session/c3438089-a8f4-4a9c-9fb7-5af3631e86a3/screenshot[39m
[35m[HTTP][39m [90m{}[39m
[35m[HTTP][39m [37m<-- GET /wd/hub/session/c3438089-a8f4-4a9c-9fb7-5af3631e86a3/screenshot [39m[32m200[39m [90m836 ms - 182008[39m
[35m[HTTP][39m [90m[39m
[35m[HTTP][39m [37m-->[39m [37mGET[39m [37m/wd/hub/session/c3438089-a8f4-4a9c-9fb7-5af3631e86a3/window/rect[39m
[35m[HTTP][39m [90m{}[39m
[35m[HTTP][39m [37m<-- GET /wd/hub/session/c3438089-a8f4-4a9c-9fb7-5af3631e86a3/window/rect [39m[32m200[39m [90m22 ms - 50[39m
[35m[HTTP][39m [90m[39m
[35m[HTTP][39m [37m-->[39m [37mGET[39m [37m/wd/hub/session/c3438089-a8f4-4a9c-9fb7-5af3631e86a3/appium/device/system_bars[39m
[35m[HTTP][39m [90m{}[39m
[35m[HTTP][39m [37m<-- GET /wd/hub/session/c3438089-a8f4-4a9c-9fb7-5af3631e86a3/appium/device/system_bars [39m[32m200[39m [90m83 ms - 148[39m
[35m[HTTP][39m [90m[39m
[35m[HTTP][39m [37m-->[39m [37mPOST[39m [37m/wd/hub/session/c3438089-a8f4-4a9c-9fb7-5af3631e86a3/appium/device/activate_app[39m
[35m[HTTP][39m [90m{"bundleId":"com.socialnmobile.dictapps.notepad.color.note"}[39m
[35m[HTTP][39m [37m<-- POST /wd/hub/session/c3438089-a8f4-4a9c-9fb7-5af3631e86a3/appium/device/activate_app [39m[32m200[39m [90m595 ms - 14[39m
[35m[HTTP][39m [90m[39m
[35m[HTTP][39m [37m-->[39m [37mGET[39m [37m/wd/hub/session/c3438089-a8f4-4a9c-9fb7-5af3631e86a3/source[39m
[35m[HTTP][39m [90m{}[39m
[35m[W3C (c3438089)][39m Driver proxy active, passing request on via HTTP proxy
[35m[WD Proxy][39m Replacing sessionId 6c5e82e7-5877-4430-8a5f-33b6ab512780 with c3438089-a8f4-4a9c-9fb7-5af3631e86a3
[35m[HTTP][39m [37m<-- GET /wd/hub/session/c3438089-a8f4-4a9c-9fb7-5af3631e86a3/source [39m[32m200[39m [90m991 ms - 49612[39m
[35m[HTTP][39m [90m[39m
[35m[HTTP][39m [37m-->[39m [37mGET[39m [37m/wd/hub/session/c3438089-a8f4-4a9c-9fb7-5af3631e86a3/screenshot[39m
[35m[HTTP][39m [90m{}[39m
[35m[HTTP][39m [37m<-- GET /wd/hub/session/c3438089-a8f4-4a9c-9fb7-5af3631e86a3/screenshot [39m[32m200[39m [90m863 ms - 236192[39m
[35m[HTTP][39m [90m[39m
[35m[HTTP][39m [37m-->[39m [37mPOST[39m [37m/wd/hub/session/c3438089-a8f4-4a9c-9fb7-5af3631e86a3/elements[39m
[35m[HTTP][39m [90m{"using":"xpath","value":"//*[@class = 'android.widget.ImageButton' and @resource-id = 'com.socialnmobile.dictapps.notepad.color.note:id/bottom_fab' and (@text = '' or . = '')]"}[39m
[35m[HTTP][39m [37m<-- POST /wd/hub/session/c3438089-a8f4-4a9c-9fb7-5af3631e86a3/elements [39m[32m200[39m [90m1197 ms - 139[39m
[35m[HTTP][39m [90m[39m
[35m[HTTP][39m [37m-->[39m [37mGET[39m [37m/wd/hub/session/c3438089-a8f4-4a9c-9fb7-5af3631e86a3/window/rect[39m
[35m[HTTP][39m [90m{}[39m
[35m[HTTP][39m [37m<-- GET /wd/hub/session/c3438089-a8f4-4a9c-9fb7-5af3631e86a3/window/rect [39m[32m200[39m [90m18 ms - 50[39m
[35m[HTTP][39m [90m[39m
[35m[HTTP][39m [37m-->[39m [37mPOST[39m [37m/wd/hub/session/c3438089-a8f4-4a9c-9fb7-5af3631e86a3/elements[39m
[35m[HTTP][39m [90m{"using":"xpath","value":"//*[@class = 'android.widget.ImageButton' and @resource-id = 'com.socialnmobile.dictapps.notepad.color.note:id/bottom_fab' and (@text = '' or . = '')]"}[39m
[35m[HTTP][39m [37m<-- POST /wd/hub/session/c3438089-a8f4-4a9c-9fb7-5af3631e86a3/elements [39m[32m200[39m [90m618 ms - 139[39m
[35m[HTTP][39m [90m[39m
[35m[HTTP][39m [37m-->[39m [37mGET[39m [37m/wd/hub/session/c3438089-a8f4-4a9c-9fb7-5af3631e86a3/element/00000000-0000-0670-ffff-ffff0000006f/location[39m
[35m[HTTP][39m [90m{}[39m
[35m[W3C (c3438089)][39m Driver proxy active, passing request on via HTTP proxy
[35m[WD Proxy][39m Replacing sessionId 6c5e82e7-5877-4430-8a5f-33b6ab512780 with c3438089-a8f4-4a9c-9fb7-5af3631e86a3
[35m[HTTP][39m [37m<-- GET /wd/hub/session/c3438089-a8f4-4a9c-9fb7-5af3631e86a3/element/00000000-0000-0670-ffff-ffff0000006f/location [39m[32m200[39m [90m42 ms - 79[39m
[35m[HTTP][39m [90m[39m
[35m[HTTP][39m [37m-->[39m [37mPOST[39m [37m/wd/hub/session/c3438089-a8f4-4a9c-9fb7-5af3631e86a3/element/00000000-0000-0670-ffff-ffff0000006f/click[39m
[35m[HTTP][39m [90m{"id":"00000000-0000-0670-ffff-ffff0000006f"}[39m
[35m[HTTP][39m [37m<-- POST /wd/hub/session/c3438089-a8f4-4a9c-9fb7-5af3631e86a3/element/00000000-0000-0670-ffff-ffff0000006f/click [39m[32m200[39m [90m105 ms - 14[39m
[35m[HTTP][39m [90m[39m
[35m[HTTP][39m [37m-->[39m [37mGET[39m [37m/wd/hub/session/c3438089-a8f4-4a9c-9fb7-5af3631e86a3/source[39m
[35m[HTTP][39m [90m{}[39m
[35m[W3C (c3438089)][39m Driver proxy active, passing request on via HTTP proxy
[35m[WD Proxy][39m Replacing sessionId 6c5e82e7-5877-4430-8a5f-33b6ab512780 with c3438089-a8f4-4a9c-9fb7-5af3631e86a3
[35m[HTTP][39m [37m<-- GET /wd/hub/session/c3438089-a8f4-4a9c-9fb7-5af3631e86a3/source [39m[32m200[39m [90m387 ms - 9134[39m
[35m[HTTP][39m [90m[39m
[35m[HTTP][39m [37m-->[39m [37mGET[39m [37m/wd/hub/session/c3438089-a8f4-4a9c-9fb7-5af3631e86a3/screenshot[39m
[35m[HTTP][39m [90m{}[39m
[35m[HTTP][39m [37m<-- GET /wd/hub/session/c3438089-a8f4-4a9c-9fb7-5af3631e86a3/screenshot [39m[32m200[39m [90m1043 ms - 207694[39m
[35m[HTTP][39m [90m[39m
[35m[HTTP][39m [37m-->[39m [37mPOST[39m [37m/wd/hub/session/c3438089-a8f4-4a9c-9fb7-5af3631e86a3/elements[39m
[35m[HTTP][39m [90m{"using":"xpath","value":"//*[@class = 'android.widget.LinearLayout' and (@text = '' or . = '')]"}[39m
[35m[HTTP][39m [37m<-- POST /wd/hub/session/c3438089-a8f4-4a9c-9fb7-5af3631e86a3/elements [39m[32m200[39m [90m177 ms - 651[39m
[35m[HTTP][39m [90m[39m
[35m[HTTP][39m [37m-->[39m [37mPOST[39m [37m/wd/hub/session/c3438089-a8f4-4a9c-9fb7-5af3631e86a3/elements[39m
[35m[HTTP][39m [90m{"using":"-android uiautomator","value":"new UiSelector().className(\"android.widget.LinearLayout\")"}[39m
[35m[HTTP][39m [37m<-- POST /wd/hub/session/c3438089-a8f4-4a9c-9fb7-5af3631e86a3/elements [39m[32m200[39m [90m147 ms - 651[39m
[35m[HTTP][39m [90m[39m
[35m[HTTP][39m [37m-->[39m [37mGET[39m [37m/wd/hub/session/c3438089-a8f4-4a9c-9fb7-5af3631e86a3/window/rect[39m
[35m[HTTP][39m [90m{}[39m
[35m[HTTP][39m [37m<-- GET /wd/hub/session/c3438089-a8f4-4a9c-9fb7-5af3631e86a3/window/rect [39m[32m200[39m [90m28 ms - 50[39m
[35m[HTTP][39m [90m[39m
[35m[HTTP][39m [37m-->[39m [37mPOST[39m [37m/wd/hub/session/c3438089-a8f4-4a9c-9fb7-5af3631e86a3/elements[39m
[35m[HTTP][39m [90m{"using":"xpath","value":"//hierarchy/android.widget.FrameLayout[1]/android.widget.LinearLayout[1]/android.widget.FrameLayout[1]/android.widget.FrameLayout[1]/android.widget.FrameLayout[1]/androidx.appcompat.widget.LinearLayoutCompat[1]/android.widget.FrameLayout[1]/android.widget.ListView[1]/android.widget.LinearLayout[1]"}[39m
[35m[HTTP][39m [37m<-- POST /wd/hub/session/c3438089-a8f4-4a9c-9fb7-5af3631e86a3/elements [39m[32m200[39m [90m164 ms - 139[39m
[35m[HTTP][39m [90m[39m
[35m[HTTP][39m [37m-->[39m [37mGET[39m [37m/wd/hub/session/c3438089-a8f4-4a9c-9fb7-5af3631e86a3/element/00000000-0000-067d-ffff-ffff000001e7/location[39m
[35m[HTTP][39m [90m{}[39m
[35m[W3C (c3438089)][39m Driver proxy active, passing request on via HTTP proxy
[35m[WD Proxy][39m Replacing sessionId 6c5e82e7-5877-4430-8a5f-33b6ab512780 with c3438089-a8f4-4a9c-9fb7-5af3631e86a3
[35m[HTTP][39m [37m<-- GET /wd/hub/session/c3438089-a8f4-4a9c-9fb7-5af3631e86a3/element/00000000-0000-067d-ffff-ffff000001e7/location [39m[32m200[39m [90m38 ms - 78[39m
[35m[HTTP][39m [90m[39m
[35m[HTTP][39m [37m-->[39m [37mPOST[39m [37m/wd/hub/session/c3438089-a8f4-4a9c-9fb7-5af3631e86a3/element/00000000-0000-067d-ffff-ffff000001e7/click[39m
[35m[HTTP][39m [90m{"id":"00000000-0000-067d-ffff-ffff000001e7"}[39m
[35m[HTTP][39m [37m<-- POST /wd/hub/session/c3438089-a8f4-4a9c-9fb7-5af3631e86a3/element/00000000-0000-067d-ffff-ffff000001e7/click [39m[32m200[39m [90m1161 ms - 14[39m
[35m[HTTP][39m [90m[39m
[35m[HTTP][39m [37m-->[39m [37mGET[39m [37m/wd/hub/session/c3438089-a8f4-4a9c-9fb7-5af3631e86a3/source[39m
[35m[HTTP][39m [90m{}[39m
[35m[W3C (c3438089)][39m Driver proxy active, passing request on via HTTP proxy
[35m[WD Proxy][39m Replacing sessionId 6c5e82e7-5877-4430-8a5f-33b6ab512780 with c3438089-a8f4-4a9c-9fb7-5af3631e86a3
[35m[HTTP][39m [37m<-- GET /wd/hub/session/c3438089-a8f4-4a9c-9fb7-5af3631e86a3/source [39m[32m200[39m [90m164 ms - 14593[39m
[35m[HTTP][39m [90m[39m
[35m[HTTP][39m [37m-->[39m [37mGET[39m [37m/wd/hub/session/c3438089-a8f4-4a9c-9fb7-5af3631e86a3/screenshot[39m
[35m[HTTP][39m [90m{}[39m
[35m[HTTP][39m [37m<-- GET /wd/hub/session/c3438089-a8f4-4a9c-9fb7-5af3631e86a3/screenshot [39m[32m200[39m [90m1024 ms - 111392[39m
[35m[HTTP][39m [90m[39m
[35m[HTTP][39m [37m-->[39m [37mPOST[39m [37m/wd/hub/session/c3438089-a8f4-4a9c-9fb7-5af3631e86a3/elements[39m
[35m[HTTP][39m [90m{"using":"xpath","value":"//*[@class = 'android.widget.EditText' and @resource-id = 'com.socialnmobile.dictapps.notepad.color.note:id/edit_note' and (@text = '' or . = '')]"}[39m
[35m[HTTP][39m [37m<-- POST /wd/hub/session/c3438089-a8f4-4a9c-9fb7-5af3631e86a3/elements [39m[32m200[39m [90m228 ms - 139[39m
[35m[HTTP][39m [90m[39m
[35m[HTTP][39m [37m-->[39m [37mGET[39m [37m/wd/hub/session/c3438089-a8f4-4a9c-9fb7-5af3631e86a3/window/rect[39m
[35m[HTTP][39m [90m{}[39m
[35m[HTTP][39m [37m<-- GET /wd/hub/session/c3438089-a8f4-4a9c-9fb7-5af3631e86a3/window/rect [39m[32m200[39m [90m29 ms - 50[39m
[35m[HTTP][39m [90m[39m
[35m[HTTP][39m [37m-->[39m [37mPOST[39m [37m/wd/hub/session/c3438089-a8f4-4a9c-9fb7-5af3631e86a3/elements[39m
[35m[HTTP][39m [90m{"using":"xpath","value":"//*[@class = 'android.widget.EditText' and @resource-id = 'com.socialnmobile.dictapps.notepad.color.note:id/edit_note' and (@text = '' or . = '')]"}[39m
[35m[HTTP][39m [37m<-- POST /wd/hub/session/c3438089-a8f4-4a9c-9fb7-5af3631e86a3/elements [39m[32m200[39m [90m250 ms - 139[39m
[35m[HTTP][39m [90m[39m
[35m[HTTP][39m [37m-->[39m [37mGET[39m [37m/wd/hub/session/c3438089-a8f4-4a9c-9fb7-5af3631e86a3/element/00000000-0000-067e-ffff-ffff00000224/location[39m
[35m[HTTP][39m [90m{}[39m
[35m[W3C (c3438089)][39m Driver proxy active, passing request on via HTTP proxy
[35m[WD Proxy][39m Replacing sessionId 6c5e82e7-5877-4430-8a5f-33b6ab512780 with c3438089-a8f4-4a9c-9fb7-5af3631e86a3
[35m[HTTP][39m [37m<-- GET /wd/hub/session/c3438089-a8f4-4a9c-9fb7-5af3631e86a3/element/00000000-0000-067e-ffff-ffff00000224/location [39m[32m200[39m [90m42 ms - 76[39m
[35m[HTTP][39m [90m[39m
[35m[HTTP][39m [37m-->[39m [37mPOST[39m [37m/wd/hub/session/c3438089-a8f4-4a9c-9fb7-5af3631e86a3/element/00000000-0000-067e-ffff-ffff00000224/value[39m
[35m[HTTP][39m [90m{"id":"00000000-0000-067e-ffff-ffff00000224","text":"Archive Reminder","value":["A","r","c","h","i","v","e"," ","R","e","m","i","n","d","e","r"]}[39m
[35m[HTTP][39m [37m<-- POST /wd/hub/session/c3438089-a8f4-4a9c-9fb7-5af3631e86a3/element/00000000-0000-067e-ffff-ffff00000224/value [39m[32m200[39m [90m100 ms - 14[39m
[35m[HTTP][39m [90m[39m
[35m[HTTP][39m [37m-->[39m [37mGET[39m [37m/wd/hub/session/c3438089-a8f4-4a9c-9fb7-5af3631e86a3/source[39m
[35m[HTTP][39m [90m{}[39m
[35m[W3C (c3438089)][39m Driver proxy active, passing request on via HTTP proxy
[35m[WD Proxy][39m Replacing sessionId 6c5e82e7-5877-4430-8a5f-33b6ab512780 with c3438089-a8f4-4a9c-9fb7-5af3631e86a3
[35m[HTTP][39m [37m<-- GET /wd/hub/session/c3438089-a8f4-4a9c-9fb7-5af3631e86a3/source [39m[32m200[39m [90m545 ms - 14624[39m
[35m[HTTP][39m [90m[39m
[35m[HTTP][39m [37m-->[39m [37mGET[39m [37m/wd/hub/session/c3438089-a8f4-4a9c-9fb7-5af3631e86a3/screenshot[39m
[35m[HTTP][39m [90m{}[39m
[35m[HTTP][39m [37m<-- GET /wd/hub/session/c3438089-a8f4-4a9c-9fb7-5af3631e86a3/screenshot [39m[32m200[39m [90m1463 ms - 134498[39m
[35m[HTTP][39m [90m[39m
[35m[HTTP][39m [37m-->[39m [37mGET[39m [37m/wd/hub/session/c3438089-a8f4-4a9c-9fb7-5af3631e86a3/context[39m
[35m[HTTP][39m [90m{}[39m
[35m[HTTP][39m [37m<-- GET /wd/hub/session/c3438089-a8f4-4a9c-9fb7-5af3631e86a3/context [39m[32m200[39m [90m1 ms - 22[39m
[35m[HTTP][39m [90m[39m
[35m[HTTP][39m [37m-->[39m [37mGET[39m [37m/wd/hub/session/c3438089-a8f4-4a9c-9fb7-5af3631e86a3/contexts[39m
[35m[HTTP][39m [90m{}[39m
[35m[HTTP][39m [37m<-- GET /wd/hub/session/c3438089-a8f4-4a9c-9fb7-5af3631e86a3/contexts [39m[32m200[39m [90m83 ms - 24[39m
[35m[HTTP][39m [90m[39m
[35m[HTTP][39m [37m-->[39m [37mPOST[39m [37m/wd/hub/session/c3438089-a8f4-4a9c-9fb7-5af3631e86a3/context[39m
[35m[HTTP][39m [90m{"name":"NATIVE_APP"}[39m
[35m[HTTP][39m [37m<-- POST /wd/hub/session/c3438089-a8f4-4a9c-9fb7-5af3631e86a3/context [39m[32m200[39m [90m1 ms - 14[39m
[35m[HTTP][39m [90m[39m
[35m[HTTP][39m [37m-->[39m [37mPOST[39m [37m/wd/hub/session/c3438089-a8f4-4a9c-9fb7-5af3631e86a3/appium/device/press_keycode[39m
[35m[HTTP][39m [90m{"keycode":4}[39m
[35m[HTTP][39m [37m<-- POST /wd/hub/session/c3438089-a8f4-4a9c-9fb7-5af3631e86a3/appium/device/press_keycode [39m[32m200[39m [90m82 ms - 14[39m
[35m[HTTP][39m [90m[39m
[35m[HTTP][39m [37m-->[39m [37mPOST[39m [37m/wd/hub/session/c3438089-a8f4-4a9c-9fb7-5af3631e86a3/context[39m
[35m[HTTP][39m [90m{"name":"NATIVE_APP"}[39m
[35m[HTTP][39m [37m<-- POST /wd/hub/session/c3438089-a8f4-4a9c-9fb7-5af3631e86a3/context [39m[32m200[39m [90m1 ms - 14[39m
[35m[HTTP][39m [90m[39m
[35m[HTTP][39m [37m-->[39m [37mGET[39m [37m/wd/hub/session/c3438089-a8f4-4a9c-9fb7-5af3631e86a3/source[39m
[35m[HTTP][39m [90m{}[39m
[35m[W3C (c3438089)][39m Driver proxy active, passing request on via HTTP proxy
[35m[WD Proxy][39m Replacing sessionId 6c5e82e7-5877-4430-8a5f-33b6ab512780 with c3438089-a8f4-4a9c-9fb7-5af3631e86a3
[35m[HTTP][39m [37m<-- GET /wd/hub/session/c3438089-a8f4-4a9c-9fb7-5af3631e86a3/source [39m[32m200[39m [90m353 ms - 14624[39m
[35m[HTTP][39m [90m[39m
[35m[HTTP][39m [37m-->[39m [37mGET[39m [37m/wd/hub/session/c3438089-a8f4-4a9c-9fb7-5af3631e86a3/screenshot[39m
[35m[HTTP][39m [90m{}[39m
[35m[HTTP][39m [37m<-- GET /wd/hub/session/c3438089-a8f4-4a9c-9fb7-5af3631e86a3/screenshot [39m[32m200[39m [90m1378 ms - 82792[39m
[35m[HTTP][39m [90m[39m
[35m[HTTP][39m [37m-->[39m [37mPOST[39m [37m/wd/hub/session/c3438089-a8f4-4a9c-9fb7-5af3631e86a3/elements[39m
[35m[HTTP][39m [90m{"using":"xpath","value":"//*[@class = 'android.widget.ImageButton' and @resource-id = 'com.socialnmobile.dictapps.notepad.color.note:id/menu_btn' and (@text = '' or . = '')]"}[39m
[35m[HTTP][39m [37m<-- POST /wd/hub/session/c3438089-a8f4-4a9c-9fb7-5af3631e86a3/elements [39m[32m200[39m [90m244 ms - 139[39m
[35m[HTTP][39m [90m[39m
[35m[HTTP][39m [37m-->[39m [37mGET[39m [37m/wd/hub/session/c3438089-a8f4-4a9c-9fb7-5af3631e86a3/window/rect[39m
[35m[HTTP][39m [90m{}[39m
[35m[HTTP][39m [37m<-- GET /wd/hub/session/c3438089-a8f4-4a9c-9fb7-5af3631e86a3/window/rect [39m[32m200[39m [90m30 ms - 50[39m
[35m[HTTP][39m [90m[39m
[35m[HTTP][39m [37m-->[39m [37mPOST[39m [37m/wd/hub/session/c3438089-a8f4-4a9c-9fb7-5af3631e86a3/elements[39m
[35m[HTTP][39m [90m{"using":"xpath","value":"//*[@class = 'android.widget.ImageButton' and @resource-id = 'com.socialnmobile.dictapps.notepad.color.note:id/menu_btn' and (@text = '' or . = '')]"}[39m
[35m[HTTP][39m [37m<-- POST /wd/hub/session/c3438089-a8f4-4a9c-9fb7-5af3631e86a3/elements [39m[32m200[39m [90m243 ms - 139[39m
[35m[HTTP][39m [90m[39m
[35m[HTTP][39m [37m-->[39m [37mGET[39m [37m/wd/hub/session/c3438089-a8f4-4a9c-9fb7-5af3631e86a3/element/00000000-0000-067e-ffff-ffff00000216/location[39m
[35m[HTTP][39m [90m{}[39m
[35m[W3C (c3438089)][39m Driver proxy active, passing request on via HTTP proxy
[35m[WD Proxy][39m Replacing sessionId 6c5e82e7-5877-4430-8a5f-33b6ab512780 with c3438089-a8f4-4a9c-9fb7-5af3631e86a3
[35m[HTTP][39m [37m<-- GET /wd/hub/session/c3438089-a8f4-4a9c-9fb7-5af3631e86a3/element/00000000-0000-067e-ffff-ffff00000216/location [39m[32m200[39m [90m30 ms - 77[39m
[35m[HTTP][39m [90m[39m
[35m[HTTP][39m [37m-->[39m [37mPOST[39m [37m/wd/hub/session/c3438089-a8f4-4a9c-9fb7-5af3631e86a3/element/00000000-0000-067e-ffff-ffff00000216/click[39m
[35m[HTTP][39m [90m{"id":"00000000-0000-067e-ffff-ffff00000216"}[39m
[35m[HTTP][39m [37m<-- POST /wd/hub/session/c3438089-a8f4-4a9c-9fb7-5af3631e86a3/element/00000000-0000-067e-ffff-ffff00000216/click [39m[32m200[39m [90m83 ms - 14[39m
[35m[HTTP][39m [90m[39m
[35m[HTTP][39m [37m-->[39m [37mGET[39m [37m/wd/hub/session/c3438089-a8f4-4a9c-9fb7-5af3631e86a3/source[39m
[35m[HTTP][39m [90m{}[39m
[35m[W3C (c3438089)][39m Driver proxy active, passing request on via HTTP proxy
[35m[WD Proxy][39m Replacing sessionId 6c5e82e7-5877-4430-8a5f-33b6ab512780 with c3438089-a8f4-4a9c-9fb7-5af3631e86a3
[35m[HTTP][39m [37m<-- GET /wd/hub/session/c3438089-a8f4-4a9c-9fb7-5af3631e86a3/source [39m[32m200[39m [90m270 ms - 8958[39m
[35m[HTTP][39m [90m[39m
[35m[HTTP][39m [37m-->[39m [37mGET[39m [37m/wd/hub/session/c3438089-a8f4-4a9c-9fb7-5af3631e86a3/screenshot[39m
[35m[HTTP][39m [90m{}[39m
[35m[HTTP][39m [37m<-- GET /wd/hub/session/c3438089-a8f4-4a9c-9fb7-5af3631e86a3/screenshot [39m[32m200[39m [90m1464 ms - 108602[39m
[35m[HTTP][39m [90m[39m
[35m[HTTP][39m [37m-->[39m [37mPOST[39m [37m/wd/hub/session/c3438089-a8f4-4a9c-9fb7-5af3631e86a3/elements[39m
[35m[HTTP][39m [90m{"using":"xpath","value":"//*[@class = 'android.widget.LinearLayout' and (@text = '' or . = '')]"}[39m
[35m[HTTP][39m [37m<-- POST /wd/hub/session/c3438089-a8f4-4a9c-9fb7-5af3631e86a3/elements [39m[32m200[39m [90m115 ms - 523[39m
[35m[HTTP][39m [90m[39m
[35m[HTTP][39m [37m-->[39m [37mPOST[39m [37m/wd/hub/session/c3438089-a8f4-4a9c-9fb7-5af3631e86a3/elements[39m
[35m[HTTP][39m [90m{"using":"-android uiautomator","value":"new UiSelector().className(\"android.widget.LinearLayout\")"}[39m
[35m[HTTP][39m [37m<-- POST /wd/hub/session/c3438089-a8f4-4a9c-9fb7-5af3631e86a3/elements [39m[32m200[39m [90m79 ms - 523[39m
[35m[HTTP][39m [90m[39m
[35m[HTTP][39m [37m-->[39m [37mGET[39m [37m/wd/hub/session/c3438089-a8f4-4a9c-9fb7-5af3631e86a3/window/rect[39m
[35m[HTTP][39m [90m{}[39m
[35m[HTTP][39m [37m<-- GET /wd/hub/session/c3438089-a8f4-4a9c-9fb7-5af3631e86a3/window/rect [39m[32m200[39m [90m12 ms - 50[39m
[35m[HTTP][39m [90m[39m
[35m[HTTP][39m [37m-->[39m [37mPOST[39m [37m/wd/hub/session/c3438089-a8f4-4a9c-9fb7-5af3631e86a3/elements[39m
[35m[HTTP][39m [90m{"using":"xpath","value":"//hierarchy/android.widget.FrameLayout[1]/android.widget.FrameLayout[1]/android.widget.ListView[1]/android.widget.LinearLayout[1]"}[39m
[35m[HTTP][39m [37m<-- POST /wd/hub/session/c3438089-a8f4-4a9c-9fb7-5af3631e86a3/elements [39m[32m200[39m [90m76 ms - 139[39m
[35m[HTTP][39m [90m[39m
[35m[HTTP][39m [37m-->[39m [37mGET[39m [37m/wd/hub/session/c3438089-a8f4-4a9c-9fb7-5af3631e86a3/element/00000000-0000-067f-ffff-ffff00000232/location[39m
[35m[HTTP][39m [90m{}[39m
[35m[W3C (c3438089)][39m Driver proxy active, passing request on via HTTP proxy
[35m[WD Proxy][39m Replacing sessionId 6c5e82e7-5877-4430-8a5f-33b6ab512780 with c3438089-a8f4-4a9c-9fb7-5af3631e86a3
[35m[HTTP][39m [37m<-- GET /wd/hub/session/c3438089-a8f4-4a9c-9fb7-5af3631e86a3/element/00000000-0000-067f-ffff-ffff00000232/location [39m[32m200[39m [90m23 ms - 78[39m
[35m[HTTP][39m [90m[39m
[35m[HTTP][39m [37m-->[39m [37mPOST[39m [37m/wd/hub/session/c3438089-a8f4-4a9c-9fb7-5af3631e86a3/element/00000000-0000-067f-ffff-ffff00000232/click[39m
[35m[HTTP][39m [90m{"id":"00000000-0000-067f-ffff-ffff00000232"}[39m
[35m[HTTP][39m [37m<-- POST /wd/hub/session/c3438089-a8f4-4a9c-9fb7-5af3631e86a3/element/00000000-0000-067f-ffff-ffff00000232/click [39m[32m200[39m [90m1270 ms - 14[39m
[35m[HTTP][39m [90m[39m
[35m[HTTP][39m [37m-->[39m [37mGET[39m [37m/wd/hub/session/c3438089-a8f4-4a9c-9fb7-5af3631e86a3/source[39m
[35m[HTTP][39m [90m{}[39m
[35m[W3C (c3438089)][39m Driver proxy active, passing request on via HTTP proxy
[35m[WD Proxy][39m Replacing sessionId 6c5e82e7-5877-4430-8a5f-33b6ab512780 with c3438089-a8f4-4a9c-9fb7-5af3631e86a3
[35m[HTTP][39m [37m<-- GET /wd/hub/session/c3438089-a8f4-4a9c-9fb7-5af3631e86a3/source [39m[32m200[39m [90m255 ms - 14053[39m
[35m[HTTP][39m [90m[39m
[35m[HTTP][39m [37m-->[39m [37mGET[39m [37m/wd/hub/session/c3438089-a8f4-4a9c-9fb7-5af3631e86a3/screenshot[39m
[35m[HTTP][39m [90m{}[39m
[35m[HTTP][39m [37m<-- GET /wd/hub/session/c3438089-a8f4-4a9c-9fb7-5af3631e86a3/screenshot [39m[32m200[39m [90m1201 ms - 137634[39m
[35m[HTTP][39m [90m[39m
[35m[HTTP][39m [37m-->[39m [37mPOST[39m [37m/wd/hub/session/c3438089-a8f4-4a9c-9fb7-5af3631e86a3/elements[39m
[35m[HTTP][39m [90m{"using":"xpath","value":"//*[@class = 'android.widget.LinearLayout' and @resource-id = 'com.socialnmobile.dictapps.notepad.color.note:id/type_container' and (@text = '' or . = '')]"}[39m
[35m[HTTP][39m [37m<-- POST /wd/hub/session/c3438089-a8f4-4a9c-9fb7-5af3631e86a3/elements [39m[32m200[39m [90m215 ms - 139[39m
[35m[HTTP][39m [90m[39m
[35m[HTTP][39m [37m-->[39m [37mGET[39m [37m/wd/hub/session/c3438089-a8f4-4a9c-9fb7-5af3631e86a3/window/rect[39m
[35m[HTTP][39m [90m{}[39m
[35m[HTTP][39m [37m<-- GET /wd/hub/session/c3438089-a8f4-4a9c-9fb7-5af3631e86a3/window/rect [39m[32m200[39m [90m27 ms - 50[39m
[35m[HTTP][39m [90m[39m
[35m[HTTP][39m [37m-->[39m [37mPOST[39m [37m/wd/hub/session/c3438089-a8f4-4a9c-9fb7-5af3631e86a3/elements[39m
[35m[HTTP][39m [90m{"using":"xpath","value":"//*[@class = 'android.widget.LinearLayout' and @resource-id = 'com.socialnmobile.dictapps.notepad.color.note:id/type_container' and (@text = '' or . = '')]"}[39m
[35m[HTTP][39m [37m<-- POST /wd/hub/session/c3438089-a8f4-4a9c-9fb7-5af3631e86a3/elements [39m[32m200[39m [90m249 ms - 139[39m
[35m[HTTP][39m [90m[39m
[35m[HTTP][39m [37m-->[39m [37mGET[39m [37m/wd/hub/session/c3438089-a8f4-4a9c-9fb7-5af3631e86a3/element/00000000-0000-0680-ffff-ffff0000024f/location[39m
[35m[HTTP][39m [90m{}[39m
[35m[W3C (c3438089)][39m Driver proxy active, passing request on via HTTP proxy
[35m[WD Proxy][39m Replacing sessionId 6c5e82e7-5877-4430-8a5f-33b6ab512780 with c3438089-a8f4-4a9c-9fb7-5af3631e86a3
[35m[HTTP][39m [37m<-- GET /wd/hub/session/c3438089-a8f4-4a9c-9fb7-5af3631e86a3/element/00000000-0000-0680-ffff-ffff0000024f/location [39m[32m200[39m [90m36 ms - 76[39m
[35m[HTTP][39m [90m[39m
[35m[HTTP][39m [37m-->[39m [37mPOST[39m [37m/wd/hub/session/c3438089-a8f4-4a9c-9fb7-5af3631e86a3/element/00000000-0000-0680-ffff-ffff0000024f/click[39m
[35m[HTTP][39m [90m{"id":"00000000-0000-0680-ffff-ffff0000024f"}[39m
[35m[HTTP][39m [37m<-- POST /wd/hub/session/c3438089-a8f4-4a9c-9fb7-5af3631e86a3/element/00000000-0000-0680-ffff-ffff0000024f/click [39m[32m200[39m [90m65 ms - 14[39m
[35m[HTTP][39m [90m[39m
[35m[HTTP][39m [37m-->[39m [37mGET[39m [37m/wd/hub/session/c3438089-a8f4-4a9c-9fb7-5af3631e86a3/source[39m
[35m[HTTP][39m [90m{}[39m
[35m[W3C (c3438089)][39m Driver proxy active, passing request on via HTTP proxy
[35m[WD Proxy][39m Replacing sessionId 6c5e82e7-5877-4430-8a5f-33b6ab512780 with c3438089-a8f4-4a9c-9fb7-5af3631e86a3
[35m[HTTP][39m [37m<-- GET /wd/hub/session/c3438089-a8f4-4a9c-9fb7-5af3631e86a3/source [39m[32m200[39m [90m468 ms - 3332[39m
[35m[HTTP][39m [90m[39m
[35m[HTTP][39m [37m-->[39m [37mGET[39m [37m/wd/hub/session/c3438089-a8f4-4a9c-9fb7-5af3631e86a3/screenshot[39m
[35m[HTTP][39m [90m{}[39m
[35m[HTTP][39m [37m<-- GET /wd/hub/session/c3438089-a8f4-4a9c-9fb7-5af3631e86a3/screenshot [39m[32m200[39m [90m767 ms - 107218[39m
[35m[HTTP][39m [90m[39m
[35m[HTTP][39m [37m-->[39m [37mPOST[39m [37m/wd/hub/session/c3438089-a8f4-4a9c-9fb7-5af3631e86a3/elements[39m
[35m[HTTP][39m [90m{"using":"xpath","value":"//*[@class = 'android.widget.CheckedTextView' and (@text = 'All day' or . = 'All day') and @resource-id = 'android:id/text1']"}[39m
[35m[HTTP][39m [37m<-- POST /wd/hub/session/c3438089-a8f4-4a9c-9fb7-5af3631e86a3/elements [39m[32m200[39m [90m72 ms - 139[39m
[35m[HTTP][39m [90m[39m
[35m[HTTP][39m [37m-->[39m [37mGET[39m [37m/wd/hub/session/c3438089-a8f4-4a9c-9fb7-5af3631e86a3/window/rect[39m
[35m[HTTP][39m [90m{}[39m
[35m[HTTP][39m [37m<-- GET /wd/hub/session/c3438089-a8f4-4a9c-9fb7-5af3631e86a3/window/rect [39m[32m200[39m [90m18 ms - 50[39m
[35m[HTTP][39m [90m[39m
[35m[HTTP][39m [37m-->[39m [37mPOST[39m [37m/wd/hub/session/c3438089-a8f4-4a9c-9fb7-5af3631e86a3/elements[39m
[35m[HTTP][39m [90m{"using":"xpath","value":"//*[@class = 'android.widget.CheckedTextView' and (@text = 'All day' or . = 'All day') and @resource-id = 'android:id/text1']"}[39m
[35m[HTTP][39m [37m<-- POST /wd/hub/session/c3438089-a8f4-4a9c-9fb7-5af3631e86a3/elements [39m[32m200[39m [90m52 ms - 139[39m
[35m[HTTP][39m [90m[39m
[35m[HTTP][39m [37m-->[39m [37mGET[39m [37m/wd/hub/session/c3438089-a8f4-4a9c-9fb7-5af3631e86a3/element/00000000-0000-0682-ffff-ffff0000027a/location[39m
[35m[HTTP][39m [90m{}[39m
[35m[W3C (c3438089)][39m Driver proxy active, passing request on via HTTP proxy
[35m[WD Proxy][39m Replacing sessionId 6c5e82e7-5877-4430-8a5f-33b6ab512780 with c3438089-a8f4-4a9c-9fb7-5af3631e86a3
[35m[HTTP][39m [37m<-- GET /wd/hub/session/c3438089-a8f4-4a9c-9fb7-5af3631e86a3/element/00000000-0000-0682-ffff-ffff0000027a/location [39m[32m200[39m [90m26 ms - 77[39m
[35m[HTTP][39m [90m[39m
[35m[HTTP][39m [37m-->[39m [37mPOST[39m [37m/wd/hub/session/c3438089-a8f4-4a9c-9fb7-5af3631e86a3/element/00000000-0000-0682-ffff-ffff0000027a/click[39m
[35m[HTTP][39m [90m{"id":"00000000-0000-0682-ffff-ffff0000027a"}[39m
[35m[HTTP][39m [37m<-- POST /wd/hub/session/c3438089-a8f4-4a9c-9fb7-5af3631e86a3/element/00000000-0000-0682-ffff-ffff0000027a/click [39m[32m200[39m [90m712 ms - 14[39m
[35m[HTTP][39m [90m[39m
[35m[HTTP][39m [37m-->[39m [37mGET[39m [37m/wd/hub/session/c3438089-a8f4-4a9c-9fb7-5af3631e86a3/source[39m
[35m[HTTP][39m [90m{}[39m
[35m[W3C (c3438089)][39m Driver proxy active, passing request on via HTTP proxy
[35m[WD Proxy][39m Replacing sessionId 6c5e82e7-5877-4430-8a5f-33b6ab512780 with c3438089-a8f4-4a9c-9fb7-5af3631e86a3
[35m[HTTP][39m [37m<-- GET /wd/hub/session/c3438089-a8f4-4a9c-9fb7-5af3631e86a3/source [39m[32m200[39m [90m125 ms - 15352[39m
[35m[HTTP][39m [90m[39m
[35m[HTTP][39m [37m-->[39m [37mGET[39m [37m/wd/hub/session/c3438089-a8f4-4a9c-9fb7-5af3631e86a3/screenshot[39m
[35m[HTTP][39m [90m{}[39m
[35m[HTTP][39m [37m<-- GET /wd/hub/session/c3438089-a8f4-4a9c-9fb7-5af3631e86a3/screenshot [39m[32m200[39m [90m898 ms - 107800[39m
[35m[HTTP][39m [90m[39m
[35m[HTTP][39m [37m-->[39m [37mPOST[39m [37m/wd/hub/session/c3438089-a8f4-4a9c-9fb7-5af3631e86a3/elements[39m
[35m[HTTP][39m [90m{"using":"xpath","value":"//*[@class = 'android.widget.Button' and (@text = 'DONE' or . = 'DONE') and @resource-id = 'com.socialnmobile.dictapps.notepad.color.note:id/button1']"}[39m
[35m[HTTP][39m [37m<-- POST /wd/hub/session/c3438089-a8f4-4a9c-9fb7-5af3631e86a3/elements [39m[32m200[39m [90m209 ms - 139[39m
[35m[HTTP][39m [90m[39m
[35m[HTTP][39m [37m-->[39m [37mGET[39m [37m/wd/hub/session/c3438089-a8f4-4a9c-9fb7-5af3631e86a3/window/rect[39m
[35m[HTTP][39m [90m{}[39m
[35m[HTTP][39m [37m<-- GET /wd/hub/session/c3438089-a8f4-4a9c-9fb7-5af3631e86a3/window/rect [39m[32m200[39m [90m26 ms - 50[39m
[35m[HTTP][39m [90m[39m
[35m[HTTP][39m [37m-->[39m [37mPOST[39m [37m/wd/hub/session/c3438089-a8f4-4a9c-9fb7-5af3631e86a3/elements[39m
[35m[HTTP][39m [90m{"using":"xpath","value":"//*[@class = 'android.widget.Button' and (@text = 'DONE' or . = 'DONE') and @resource-id = 'com.socialnmobile.dictapps.notepad.color.note:id/button1']"}[39m
[35m[HTTP][39m [37m<-- POST /wd/hub/session/c3438089-a8f4-4a9c-9fb7-5af3631e86a3/elements [39m[32m200[39m [90m178 ms - 139[39m
[35m[HTTP][39m [90m[39m
[35m[HTTP][39m [37m-->[39m [37mGET[39m [37m/wd/hub/session/c3438089-a8f4-4a9c-9fb7-5af3631e86a3/element/00000000-0000-0680-ffff-ffff0000026b/location[39m
[35m[HTTP][39m [90m{}[39m
[35m[W3C (c3438089)][39m Driver proxy active, passing request on via HTTP proxy
[35m[WD Proxy][39m Replacing sessionId 6c5e82e7-5877-4430-8a5f-33b6ab512780 with c3438089-a8f4-4a9c-9fb7-5af3631e86a3
[35m[HTTP][39m [37m<-- GET /wd/hub/session/c3438089-a8f4-4a9c-9fb7-5af3631e86a3/element/00000000-0000-0680-ffff-ffff0000026b/location [39m[32m200[39m [90m23 ms - 79[39m
[35m[HTTP][39m [90m[39m
[35m[HTTP][39m [37m-->[39m [37mPOST[39m [37m/wd/hub/session/c3438089-a8f4-4a9c-9fb7-5af3631e86a3/element/00000000-0000-0680-ffff-ffff0000026b/click[39m
[35m[HTTP][39m [90m{"id":"00000000-0000-0680-ffff-ffff0000026b"}[39m
[35m[HTTP][39m [37m<-- POST /wd/hub/session/c3438089-a8f4-4a9c-9fb7-5af3631e86a3/element/00000000-0000-0680-ffff-ffff0000026b/click [39m[32m200[39m [90m66 ms - 14[39m
[35m[HTTP][39m [90m[39m
[35m[HTTP][39m [37m-->[39m [37mGET[39m [37m/wd/hub/session/c3438089-a8f4-4a9c-9fb7-5af3631e86a3/source[39m
[35m[HTTP][39m [90m{}[39m
[35m[W3C (c3438089)][39m Driver proxy active, passing request on via HTTP proxy
[35m[WD Proxy][39m Replacing sessionId 6c5e82e7-5877-4430-8a5f-33b6ab512780 with c3438089-a8f4-4a9c-9fb7-5af3631e86a3
[35m[HTTP][39m [37m<-- GET /wd/hub/session/c3438089-a8f4-4a9c-9fb7-5af3631e86a3/source [39m[32m200[39m [90m978 ms - 14768[39m
[35m[HTTP][39m [90m[39m
[35m[HTTP][39m [37m-->[39m [37mGET[39m [37m/wd/hub/session/c3438089-a8f4-4a9c-9fb7-5af3631e86a3/screenshot[39m
[35m[HTTP][39m [90m{}[39m
[35m[HTTP][39m [37m<-- GET /wd/hub/session/c3438089-a8f4-4a9c-9fb7-5af3631e86a3/screenshot [39m[32m200[39m [90m1070 ms - 103610[39m
[35m[HTTP][39m [90m[39m
[35m[HTTP][39m [37m-->[39m [37mGET[39m [37m/wd/hub/session/c3438089-a8f4-4a9c-9fb7-5af3631e86a3/context[39m
[35m[HTTP][39m [90m{}[39m
[35m[HTTP][39m [37m<-- GET /wd/hub/session/c3438089-a8f4-4a9c-9fb7-5af3631e86a3/context [39m[32m200[39m [90m1 ms - 22[39m
[35m[HTTP][39m [90m[39m
[35m[HTTP][39m [37m-->[39m [37mGET[39m [37m/wd/hub/session/c3438089-a8f4-4a9c-9fb7-5af3631e86a3/contexts[39m
[35m[HTTP][39m [90m{}[39m
[35m[HTTP][39m [37m<-- GET /wd/hub/session/c3438089-a8f4-4a9c-9fb7-5af3631e86a3/contexts [39m[32m200[39m [90m100 ms - 24[39m
[35m[HTTP][39m [90m[39m
[35m[HTTP][39m [37m-->[39m [37mPOST[39m [37m/wd/hub/session/c3438089-a8f4-4a9c-9fb7-5af3631e86a3/context[39m
[35m[HTTP][39m [90m{"name":"NATIVE_APP"}[39m
[35m[HTTP][39m [37m<-- POST /wd/hub/session/c3438089-a8f4-4a9c-9fb7-5af3631e86a3/context [39m[32m200[39m [90m1 ms - 14[39m
[35m[HTTP][39m [90m[39m
[35m[HTTP][39m [37m-->[39m [37mPOST[39m [37m/wd/hub/session/c3438089-a8f4-4a9c-9fb7-5af3631e86a3/appium/device/press_keycode[39m
[35m[HTTP][39m [90m{"keycode":4}[39m
[35m[HTTP][39m [37m<-- POST /wd/hub/session/c3438089-a8f4-4a9c-9fb7-5af3631e86a3/appium/device/press_keycode [39m[32m200[39m [90m181 ms - 14[39m
[35m[HTTP][39m [90m[39m
[35m[HTTP][39m [37m-->[39m [37mPOST[39m [37m/wd/hub/session/c3438089-a8f4-4a9c-9fb7-5af3631e86a3/context[39m
[35m[HTTP][39m [90m{"name":"NATIVE_APP"}[39m
[35m[HTTP][39m [37m<-- POST /wd/hub/session/c3438089-a8f4-4a9c-9fb7-5af3631e86a3/context [39m[32m200[39m [90m1 ms - 14[39m
[35m[HTTP][39m [90m[39m
[35m[HTTP][39m [37m-->[39m [37mGET[39m [37m/wd/hub/session/c3438089-a8f4-4a9c-9fb7-5af3631e86a3/source[39m
[35m[HTTP][39m [90m{}[39m
[35m[W3C (c3438089)][39m Driver proxy active, passing request on via HTTP proxy
[35m[WD Proxy][39m Replacing sessionId 6c5e82e7-5877-4430-8a5f-33b6ab512780 with c3438089-a8f4-4a9c-9fb7-5af3631e86a3
[35m[HTTP][39m [37m<-- GET /wd/hub/session/c3438089-a8f4-4a9c-9fb7-5af3631e86a3/source [39m[32m200[39m [90m751 ms - 11430[39m
[35m[HTTP][39m [90m[39m
[35m[HTTP][39m [37m-->[39m [37mGET[39m [37m/wd/hub/session/c3438089-a8f4-4a9c-9fb7-5af3631e86a3/screenshot[39m
[35m[HTTP][39m [90m{}[39m
[35m[HTTP][39m [37m<-- GET /wd/hub/session/c3438089-a8f4-4a9c-9fb7-5af3631e86a3/screenshot [39m[32m200[39m [90m1431 ms - 104364[39m
[35m[HTTP][39m [90m[39m
[35m[HTTP][39m [37m-->[39m [37mPOST[39m [37m/wd/hub/session/c3438089-a8f4-4a9c-9fb7-5af3631e86a3/elements[39m
[35m[HTTP][39m [90m{"using":"xpath","value":"//*[@class = 'android.widget.ImageButton' and @resource-id = 'com.socialnmobile.dictapps.notepad.color.note:id/menu_btn' and (@text = '' or . = '')]"}[39m
[35m[HTTP][39m [37m<-- POST /wd/hub/session/c3438089-a8f4-4a9c-9fb7-5af3631e86a3/elements [39m[32m200[39m [90m182 ms - 139[39m
[35m[HTTP][39m [90m[39m
[35m[HTTP][39m [37m-->[39m [37mGET[39m [37m/wd/hub/session/c3438089-a8f4-4a9c-9fb7-5af3631e86a3/window/rect[39m
[35m[HTTP][39m [90m{}[39m
[35m[HTTP][39m [37m<-- GET /wd/hub/session/c3438089-a8f4-4a9c-9fb7-5af3631e86a3/window/rect [39m[32m200[39m [90m24 ms - 50[39m
[35m[HTTP][39m [90m[39m
[35m[HTTP][39m [37m-->[39m [37mPOST[39m [37m/wd/hub/session/c3438089-a8f4-4a9c-9fb7-5af3631e86a3/elements[39m
[35m[HTTP][39m [90m{"using":"xpath","value":"//*[@class = 'android.widget.ImageButton' and @resource-id = 'com.socialnmobile.dictapps.notepad.color.note:id/menu_btn' and (@text = '' or . = '')]"}[39m
[35m[HTTP][39m [37m<-- POST /wd/hub/session/c3438089-a8f4-4a9c-9fb7-5af3631e86a3/elements [39m[32m200[39m [90m174 ms - 139[39m
[35m[HTTP][39m [90m[39m
[35m[HTTP][39m [37m-->[39m [37mGET[39m [37m/wd/hub/session/c3438089-a8f4-4a9c-9fb7-5af3631e86a3/element/00000000-0000-067e-ffff-ffff00000216/location[39m
[35m[HTTP][39m [90m{}[39m
[35m[W3C (c3438089)][39m Driver proxy active, passing request on via HTTP proxy
[35m[WD Proxy][39m Replacing sessionId 6c5e82e7-5877-4430-8a5f-33b6ab512780 with c3438089-a8f4-4a9c-9fb7-5af3631e86a3
[35m[HTTP][39m [37m<-- GET /wd/hub/session/c3438089-a8f4-4a9c-9fb7-5af3631e86a3/element/00000000-0000-067e-ffff-ffff00000216/location [39m[32m200[39m [90m31 ms - 77[39m
[35m[HTTP][39m [90m[39m
[35m[HTTP][39m [37m-->[39m [37mPOST[39m [37m/wd/hub/session/c3438089-a8f4-4a9c-9fb7-5af3631e86a3/element/00000000-0000-067e-ffff-ffff00000216/click[39m
[35m[HTTP][39m [90m{"id":"00000000-0000-067e-ffff-ffff00000216"}[39m
[35m[HTTP][39m [37m<-- POST /wd/hub/session/c3438089-a8f4-4a9c-9fb7-5af3631e86a3/element/00000000-0000-067e-ffff-ffff00000216/click [39m[32m200[39m [90m57 ms - 14[39m
[35m[HTTP][39m [90m[39m
[35m[HTTP][39m [37m-->[39m [37mGET[39m [37m/wd/hub/session/c3438089-a8f4-4a9c-9fb7-5af3631e86a3/source[39m
[35m[HTTP][39m [90m{}[39m
[35m[W3C (c3438089)][39m Driver proxy active, passing request on via HTTP proxy
[35m[WD Proxy][39m Replacing sessionId 6c5e82e7-5877-4430-8a5f-33b6ab512780 with c3438089-a8f4-4a9c-9fb7-5af3631e86a3
[35m[HTTP][39m [37m<-- GET /wd/hub/session/c3438089-a8f4-4a9c-9fb7-5af3631e86a3/source [39m[32m200[39m [90m331 ms - 14534[39m
[35m[HTTP][39m [90m[39m
[35m[HTTP][39m [37m-->[39m [37mGET[39m [37m/wd/hub/session/c3438089-a8f4-4a9c-9fb7-5af3631e86a3/screenshot[39m
[35m[HTTP][39m [90m{}[39m
[35m[HTTP][39m [37m<-- GET /wd/hub/session/c3438089-a8f4-4a9c-9fb7-5af3631e86a3/screenshot [39m[32m200[39m [90m1257 ms - 126328[39m
[35m[HTTP][39m [90m[39m
[35m[HTTP][39m [37m-->[39m [37mPOST[39m [37m/wd/hub/session/c3438089-a8f4-4a9c-9fb7-5af3631e86a3/elements[39m
[35m[HTTP][39m [90m{"using":"xpath","value":"//*[@class = 'android.widget.LinearLayout' and (@text = '' or . = '')]"}[39m
[35m[HTTP][39m [37m<-- POST /wd/hub/session/c3438089-a8f4-4a9c-9fb7-5af3631e86a3/elements [39m[32m200[39m [90m173 ms - 907[39m
[35m[HTTP][39m [90m[39m
[35m[HTTP][39m [37m-->[39m [37mPOST[39m [37m/wd/hub/session/c3438089-a8f4-4a9c-9fb7-5af3631e86a3/elements[39m
[35m[HTTP][39m [90m{"using":"-android uiautomator","value":"new UiSelector().className(\"android.widget.LinearLayout\")"}[39m
[35m[HTTP][39m [37m<-- POST /wd/hub/session/c3438089-a8f4-4a9c-9fb7-5af3631e86a3/elements [39m[32m200[39m [90m155 ms - 907[39m
[35m[HTTP][39m [90m[39m
[35m[HTTP][39m [37m-->[39m [37mGET[39m [37m/wd/hub/session/c3438089-a8f4-4a9c-9fb7-5af3631e86a3/window/rect[39m
[35m[HTTP][39m [90m{}[39m
[35m[HTTP][39m [37m<-- GET /wd/hub/session/c3438089-a8f4-4a9c-9fb7-5af3631e86a3/window/rect [39m[32m200[39m [90m24 ms - 50[39m
[35m[HTTP][39m [90m[39m
[35m[HTTP][39m [37m-->[39m [37mPOST[39m [37m/wd/hub/session/c3438089-a8f4-4a9c-9fb7-5af3631e86a3/elements[39m
[35m[HTTP][39m [90m{"using":"xpath","value":"//hierarchy/android.widget.FrameLayout[1]/android.widget.FrameLayout[1]/android.widget.ListView[1]/android.widget.LinearLayout[6]"}[39m
[35m[HTTP][39m [37m<-- POST /wd/hub/session/c3438089-a8f4-4a9c-9fb7-5af3631e86a3/elements [39m[32m200[39m [90m140 ms - 139[39m
[35m[HTTP][39m [90m[39m
[35m[HTTP][39m [37m-->[39m [37mGET[39m [37m/wd/hub/session/c3438089-a8f4-4a9c-9fb7-5af3631e86a3/element/00000000-0000-0686-ffff-ffff000002b9/location[39m
[35m[HTTP][39m [90m{}[39m
[35m[W3C (c3438089)][39m Driver proxy active, passing request on via HTTP proxy
[35m[WD Proxy][39m Replacing sessionId 6c5e82e7-5877-4430-8a5f-33b6ab512780 with c3438089-a8f4-4a9c-9fb7-5af3631e86a3
[35m[HTTP][39m [37m<-- GET /wd/hub/session/c3438089-a8f4-4a9c-9fb7-5af3631e86a3/element/00000000-0000-0686-ffff-ffff000002b9/location [39m[32m200[39m [90m33 ms - 78[39m
[35m[HTTP][39m [90m[39m
[35m[HTTP][39m [37m-->[39m [37mPOST[39m [37m/wd/hub/session/c3438089-a8f4-4a9c-9fb7-5af3631e86a3/element/00000000-0000-0686-ffff-ffff000002b9/click[39m
[35m[HTTP][39m [90m{"id":"00000000-0000-0686-ffff-ffff000002b9"}[39m
[35m[HTTP][39m [37m<-- POST /wd/hub/session/c3438089-a8f4-4a9c-9fb7-5af3631e86a3/element/00000000-0000-0686-ffff-ffff000002b9/click [39m[32m200[39m [90m793 ms - 14[39m
[35m[HTTP][39m [90m[39m
[35m[HTTP][39m [37m-->[39m [37mGET[39m [37m/wd/hub/session/c3438089-a8f4-4a9c-9fb7-5af3631e86a3/source[39m
[35m[HTTP][39m [90m{}[39m
[35m[W3C (c3438089)][39m Driver proxy active, passing request on via HTTP proxy
[35m[WD Proxy][39m Replacing sessionId 6c5e82e7-5877-4430-8a5f-33b6ab512780 with c3438089-a8f4-4a9c-9fb7-5af3631e86a3
[35m[HTTP][39m [37m<-- GET /wd/hub/session/c3438089-a8f4-4a9c-9fb7-5af3631e86a3/source [39m[32m200[39m [90m143 ms - 9145[39m
[35m[HTTP][39m [90m[39m
[35m[HTTP][39m [37m-->[39m [37mGET[39m [37m/wd/hub/session/c3438089-a8f4-4a9c-9fb7-5af3631e86a3/screenshot[39m
[35m[HTTP][39m [90m{}[39m
[35m[HTTP][39m [37m<-- GET /wd/hub/session/c3438089-a8f4-4a9c-9fb7-5af3631e86a3/screenshot [39m[32m200[39m [90m1398 ms - 136352[39m
[35m[HTTP][39m [90m[39m
[35m[HTTP][39m [37m-->[39m [37mPOST[39m [37m/wd/hub/session/c3438089-a8f4-4a9c-9fb7-5af3631e86a3/elements[39m
[35m[HTTP][39m [90m{"using":"xpath","value":"//*[@class = 'android.widget.Button' and (@text = 'OK' or . = 'OK') and @resource-id = 'android:id/button1']"}[39m
[35m[HTTP][39m [37m<-- POST /wd/hub/session/c3438089-a8f4-4a9c-9fb7-5af3631e86a3/elements [39m[32m200[39m [90m74 ms - 139[39m
[35m[HTTP][39m [90m[39m
[35m[HTTP][39m [37m-->[39m [37mGET[39m [37m/wd/hub/session/c3438089-a8f4-4a9c-9fb7-5af3631e86a3/window/rect[39m
[35m[HTTP][39m [90m{}[39m
[35m[HTTP][39m [37m<-- GET /wd/hub/session/c3438089-a8f4-4a9c-9fb7-5af3631e86a3/window/rect [39m[32m200[39m [90m13 ms - 50[39m
[35m[HTTP][39m [90m[39m
[35m[HTTP][39m [37m-->[39m [37mPOST[39m [37m/wd/hub/session/c3438089-a8f4-4a9c-9fb7-5af3631e86a3/elements[39m
[35m[HTTP][39m [90m{"using":"xpath","value":"//*[@class = 'android.widget.Button' and (@text = 'OK' or . = 'OK') and @resource-id = 'android:id/button1']"}[39m
[35m[HTTP][39m [37m<-- POST /wd/hub/session/c3438089-a8f4-4a9c-9fb7-5af3631e86a3/elements [39m[32m200[39m [90m73 ms - 139[39m
[35m[HTTP][39m [90m[39m
[35m[HTTP][39m [37m-->[39m [37mGET[39m [37m/wd/hub/session/c3438089-a8f4-4a9c-9fb7-5af3631e86a3/element/00000000-0000-0687-ffff-ffff000002d9/location[39m
[35m[HTTP][39m [90m{}[39m
[35m[W3C (c3438089)][39m Driver proxy active, passing request on via HTTP proxy
[35m[WD Proxy][39m Replacing sessionId 6c5e82e7-5877-4430-8a5f-33b6ab512780 with c3438089-a8f4-4a9c-9fb7-5af3631e86a3
[35m[HTTP][39m [37m<-- GET /wd/hub/session/c3438089-a8f4-4a9c-9fb7-5af3631e86a3/element/00000000-0000-0687-ffff-ffff000002d9/location [39m[32m200[39m [90m24 ms - 79[39m
[35m[HTTP][39m [90m[39m
[35m[HTTP][39m [37m-->[39m [37mPOST[39m [37m/wd/hub/session/c3438089-a8f4-4a9c-9fb7-5af3631e86a3/element/00000000-0000-0687-ffff-ffff000002d9/click[39m
[35m[HTTP][39m [90m{"id":"00000000-0000-0687-ffff-ffff000002d9"}[39m
[35m[HTTP][39m [37m<-- POST /wd/hub/session/c3438089-a8f4-4a9c-9fb7-5af3631e86a3/element/00000000-0000-0687-ffff-ffff000002d9/click [39m[32m200[39m [90m64 ms - 14[39m
[35m[HTTP][39m [90m[39m
[35m[HTTP][39m [37m-->[39m [37mGET[39m [37m/wd/hub/session/c3438089-a8f4-4a9c-9fb7-5af3631e86a3/source[39m
[35m[HTTP][39m [90m{}[39m
[35m[W3C (c3438089)][39m Driver proxy active, passing request on via HTTP proxy
[35m[WD Proxy][39m Replacing sessionId 6c5e82e7-5877-4430-8a5f-33b6ab512780 with c3438089-a8f4-4a9c-9fb7-5af3631e86a3
[35m[HTTP][39m [37m<-- GET /wd/hub/session/c3438089-a8f4-4a9c-9fb7-5af3631e86a3/source [39m[32m200[39m [90m724 ms - 49755[39m
[35m[HTTP][39m [90m[39m
[35m[HTTP][39m [37m-->[39m [37mGET[39m [37m/wd/hub/session/c3438089-a8f4-4a9c-9fb7-5af3631e86a3/screenshot[39m
[35m[HTTP][39m [90m{}[39m
[35m[HTTP][39m [37m<-- GET /wd/hub/session/c3438089-a8f4-4a9c-9fb7-5af3631e86a3/screenshot [39m[32m200[39m [90m838 ms - 254678[39m
[35m[HTTP][39m [90m[39m
[35m[HTTP][39m [37m-->[39m [37mDELETE[39m [37m/wd/hub/session/c3438089-a8f4-4a9c-9fb7-5af3631e86a3[39m
[35m[HTTP][39m [90m{}[39m
[35m[Appium][39m Removing session c3438089-a8f4-4a9c-9fb7-5af3631e86a3 from our master session list
[35m[UiAutomator2][39m Restoring hidden api policy to the device default configuration
[35m[HTTP][39m [37m<-- DELETE /wd/hub/session/c3438089-a8f4-4a9c-9fb7-5af3631e86a3 [39m[32m200[39m [90m408 ms - 14[39m
[35m[HTTP][39m [90m[39m
